Dataset: da 
Feature Selection Method: manual
---
Dataset: da 
Feature Selection Method: manual
---
X Shape: (799, 60)
y Shape: (799, 6)
---
Train/Test/Validation Split Shapes:
X Train: (639, 60)
X Test: (80, 60)
X Validation: (80, 60)
y Train: (639, 6)
y Test: (80, 6)
y Validation: (80, 6)
---
X Shape: (16, 60)
y Shape: (16, 6)
---
Pre ML (e_barrier_dft)
9.66938281247915
Pre ML (q_barrier_dft)
10.19177656248827
Pre ML (sum_distortion_energies_dft)
3.056277968755764
Pre ML (interaction_energies_dft)
6.731467031223531
Pre ML (distortion_energy_di_dft)
1.768569531241607
Pre ML (distortion_energy_dp_dft)
4.266529374996776
Dataset: da 
Feature Selection Method: manual
---
Dataset: da 
Feature Selection Method: manual
---
###
Ridge(alpha=0.8, tol=0.1) - e_barrier_dft
---
External Test: 10.415 kcal/mol
###
Dataset: da 
Feature Selection Method: manual
---
###
Ridge(tol=0.1) - q_barrier_dft
---
External Test: 11.329 kcal/mol
###
Dataset: da 
Feature Selection Method: manual
---
###
Ridge(tol=0.1) - sum_distortion_energies_dft
---
External Test: 4.333 kcal/mol
###
Dataset: da 
Feature Selection Method: manual
---
###
Ridge(tol=0.1) - interaction_energies_dft
---
External Test: 7.011 kcal/mol
###
Dataset: da 
Feature Selection Method: manual
---
###
Ridge(alpha=0.7, tol=0.1) - distortion_energy_di_dft
---
External Test: 8.212 kcal/mol
###
Dataset: da 
Feature Selection Method: manual
---
###
Ridge(tol=0.1) - distortion_energy_dp_dft
---
External Test: 5.123 kcal/mol
###
Dataset: da 
Feature Selection Method: manual
---
###
KernelRidge(alpha=0.01, kernel='rbf') - e_barrier_dft
---
External Test: 3.457 kcal/mol
###
Dataset: da 
Feature Selection Method: manual
---
###
KernelRidge(alpha=0.01, kernel='rbf') - q_barrier_dft
---
External Test: 5.759 kcal/mol
###
Dataset: da 
Feature Selection Method: manual
---
###
KernelRidge(alpha=0.01, kernel='rbf') - sum_distortion_energies_dft
---
External Test: 4.626 kcal/mol
###
Dataset: da 
Feature Selection Method: manual
---
###
KernelRidge(alpha=0.01, kernel='rbf') - interaction_energies_dft
---
External Test: 2.192 kcal/mol
###
Dataset: da 
Feature Selection Method: manual
---
###
KernelRidge(alpha=0.1, kernel='rbf') - distortion_energy_di_dft
---
External Test: 3.053 kcal/mol
###
Dataset: da 
Feature Selection Method: manual
---
###
KernelRidge(alpha=0.01, kernel='rbf') - distortion_energy_dp_dft
---
External Test: 2.282 kcal/mol
###
Dataset: da 
Feature Selection Method: manual
---
###
SVR(C=50, coef0=0, degree=1, epsilon=0.001) - e_barrier_dft
---
External Test: 2.557 kcal/mol
###
Dataset: da 
Feature Selection Method: manual
---
###
SVR(C=50, coef0=0, degree=1, epsilon=0.001, gamma='auto') - q_barrier_dft
---
External Test: 2.822 kcal/mol
###
Dataset: da 
Feature Selection Method: manual
---
###
SVR(C=50, coef0=0, degree=1, epsilon=0.001) - sum_distortion_energies_dft
---
External Test: 2.834 kcal/mol
###
Dataset: da 
Feature Selection Method: manual
---
###
SVR(C=50, coef0=0, degree=1, epsilon=0.025, gamma='auto') - interaction_energies_dft
---
External Test: 1.354 kcal/mol
###
Dataset: da 
Feature Selection Method: manual
---
###
SVR(C=50, coef0=0, degree=1, epsilon=0.01) - distortion_energy_di_dft
---
External Test: 1.96 kcal/mol
###
Dataset: da 
Feature Selection Method: manual
---
###
SVR(C=50, coef0=0, degree=1, epsilon=0.01) - distortion_energy_dp_dft
---
External Test: 1.588 kcal/mol
###
